#
# There is insufficient memory for the Java Runtime Environment to continue.
# Native memory allocation (malloc) failed to allocate 1048576 bytes for AllocateHeap
# Possible reasons:
#   The system is out of physical RAM or swap space
#   In 32 bit mode, the process size limit was hit
# Possible solutions:
#   Reduce memory load on the system
#   Increase physical memory or swap space
#   Check if swap backing store is full
#   Use 64 bit Java on a 64 bit OS
#   Decrease Java heap size (-Xmx/-Xms)
#   Decrease number of Java threads
#   Decrease Java thread stack sizes (-Xss)
#   Set larger code cache with -XX:ReservedCodeCacheSize=
# This output file may be truncated or incomplete.
#
#  Out of Memory Error (memory/allocation.inline.hpp:61), pid=13028, tid=0x00000000000024ec
#
# JRE version:  (8.0_151-b12) (build )
# Java VM: Java HotSpot(TM) 64-Bit Server VM (25.151-b12 mixed mode windows-amd64 compressed oops)
# Failed to write core dump. Minidumps are not enabled by default on client versions of Windows
#

---------------  T H R E A D  ---------------

Current thread (0x000000000232f800):  JavaThread "Unknown thread" [_thread_in_vm, id=9452, stack(0x00000000025f0000,0x00000000026f0000)]

Stack: [0x00000000025f0000,0x00000000026f0000]
[error occurred during error reporting (printing stack bounds), id 0xc0000005]

Native frames: (J=compiled Java code, j=interpreted, Vv=VM code, C=native code)


---------------  P R O C E S S  ---------------

Java Threads: ( => current thread )

Other Threads:

=>0x000000000232f800 (exited) JavaThread "Unknown thread" [_thread_in_vm, id=9452, stack(0x00000000025f0000,0x00000000026f0000)]

VM state:not at safepoint (normal execution)

VM Mutex/Monitor currently owned by a thread: None

Heap:
 PSYoungGen      total 38400K, used 665K [0x00000000d5d80000, 0x00000000d8800000, 0x0000000100000000)
  eden space 33280K, 2% used [0x00000000d5d80000,0x00000000d5e26670,0x00000000d7e00000)
  from space 5120K, 0% used [0x00000000d8300000,0x00000000d8300000,0x00000000d8800000)
  to   space 5120K, 0% used [0x00000000d7e00000,0x00000000d7e00000,0x00000000d8300000)
 ParOldGen       total 87552K, used 0K [0x0000000081800000, 0x0000000086d80000, 0x00000000d5d80000)
  object space 87552K, 0% used [0x0000000081800000,0x0000000081800000,0x0000000086d80000)
 Metaspace       used 770K, capacity 4480K, committed 4480K, reserved 1056768K
  class space    used 75K, capacity 384K, committed 384K, reserved 1048576K

Card table byte_map: [0x0000000011d80000,0x0000000012180000] byte_map_base: 0x0000000011974000

Marking Bits: (ParMarkBitMap*) 0x000000006069d850
 Begin Bits: [0x00000000129a0000, 0x0000000014940000)
 End Bits:   [0x0000000014940000, 0x00000000168e0000)

Polling page: 0x0000000000130000

CodeCache: size=245760Kb used=328Kb max_used=328Kb free=245431Kb
 bounds [0x00000000029c0000, 0x0000000002c30000, 0x00000000119c0000]
 total_blobs=58 nmethods=0 adapters=38
 compilation: enabled

Compilation events (0 events):
No events

GC Heap History (0 events):
No events

Deoptimization events (0 events):
No events

Internal exceptions (0 events):
No events

Events (10 events):
Event: 0.030 loading class java/lang/Short
Event: 0.030 loading class java/lang/Short done
Event: 0.030 loading class java/lang/Integer
Event: 0.030 loading class java/lang/Integer done
Event: 0.030 loading class java/lang/Long
Event: 0.031 loading class java/lang/Long done
Event: 0.031 loading class java/lang/NullPointerException
Event: 0.031 loading class java/lang/NullPointerException done
Event: 0.031 loading class java/lang/ArithmeticException
Event: 0.031 loading class java/lang/ArithmeticException done


Dynamic libraries:
0x000000013fa60000 - 0x000000013fa97000 	c:\Program Files\Java\jdk1.8.0_151\jre\bin\java.exe
0x0000000077150000 - 0x00000000772ef000 	C:\WINDOWS\SYSTEM32\ntdll.dll
0x0000000076f30000 - 0x000000007704f000 	C:\WINDOWS\system32\kernel32.dll
0x000007fefce50000 - 0x000007fefceba000 	C:\WINDOWS\system32\KERNELBASE.dll
0x000007fefd1e0000 - 0x000007fefd2bb000 	C:\WINDOWS\system32\ADVAPI32.dll
0x000007fefd9b0000 - 0x000007fefda4f000 	C:\WINDOWS\system32\msvcrt.dll
0x000007feff3f0000 - 0x000007feff40f000 	C:\WINDOWS\SYSTEM32\sechost.dll
0x000007fefda50000 - 0x000007fefdb7d000 	C:\WINDOWS\system32\RPCRT4.dll
0x0000000077050000 - 0x000000007714a000 	C:\WINDOWS\system32\USER32.dll
0x000007fefe1d0000 - 0x000007fefe237000 	C:\WINDOWS\system32\GDI32.dll
0x000007fefd6d0000 - 0x000007fefd6de000 	C:\WINDOWS\system32\LPK.dll
0x000007fefe100000 - 0x000007fefe1cb000 	C:\WINDOWS\system32\USP10.dll
0x000007fefb7d0000 - 0x000007fefb9c4000 	C:\WINDOWS\WinSxS\amd64_microsoft.windows.common-controls_6595b64144ccf1df_6.0.7601.18837_none_fa3b1e3d17594757\COMCTL32.dll
0x000007fefd5d0000 - 0x000007fefd641000 	C:\WINDOWS\system32\SHLWAPI.dll
0x000007feff410000 - 0x000007feff43e000 	C:\WINDOWS\system32\IMM32.DLL
0x000007fefd2c0000 - 0x000007fefd3c9000 	C:\WINDOWS\system32\MSCTF.dll
0x0000000065310000 - 0x00000000653e2000 	c:\Program Files\Java\jdk1.8.0_151\jre\bin\msvcr100.dll
0x000000005fe80000 - 0x000000006071d000 	c:\Program Files\Java\jdk1.8.0_151\jre\bin\server\jvm.dll
0x000007fef6470000 - 0x000007fef6479000 	C:\WINDOWS\system32\WSOCK32.dll
0x000007fefe0b0000 - 0x000007fefe0fd000 	C:\WINDOWS\system32\WS2_32.dll
0x000007feff3e0000 - 0x000007feff3e8000 	C:\WINDOWS\system32\NSI.dll
0x000007fefad70000 - 0x000007fefadab000 	C:\WINDOWS\system32\WINMM.dll
0x000007fefbef0000 - 0x000007fefbefc000 	C:\WINDOWS\system32\VERSION.dll
0x0000000077300000 - 0x0000000077307000 	C:\WINDOWS\system32\PSAPI.DLL
0x0000000073b80000 - 0x0000000073b8f000 	c:\Program Files\Java\jdk1.8.0_151\jre\bin\verify.dll
0x0000000073b50000 - 0x0000000073b79000 	c:\Program Files\Java\jdk1.8.0_151\jre\bin\java.dll
0x00000000732d0000 - 0x00000000732e6000 	c:\Program Files\Java\jdk1.8.0_151\jre\bin\zip.dll

VM Arguments:
jvm_args: -Dfile.encoding=UTF-8 
java_command: C:\Users\perlro1\Documents\NetBeansProjects\Skrypcior\dist\run824361592\Skrypcior.jar
java_class_path (initial): C:\Users\perlro1\Documents\NetBeansProjects\Skrypcior\dist\run824361592\Skrypcior.jar
Launcher Type: SUN_STANDARD

Environment Variables:
PATH=C:\Program Files (x86)\Common Files\Oracle\Java\javapath;c:\app\perlro1\product\11.2.0\client_1\bin;c:\app\perlro1\product\11.2.0\client_1;C:\Program Files (x86)\Intel\iCLS Client\;C:\Program Files\Intel\iCLS Client\;C:\ProgramData\Oracle\Java\javapath;C:\WINDOWS\system32;C:\WINDOWS;C:\WINDOWS\System32\Wbem;C:\WINDOWS\System32\WindowsPowerShell\v1.0\;C:\Program Files\TortoiseSVN\bin;C:\Program Files (x86)\Intel\Intel(R) Management Engine Components\DAL;C:\Program Files\Intel\Intel(R) Management Engine Components\DAL;C:\Program Files (x86)\Intel\Intel(R) Management Engine Components\IPT;C:\Program Files\Intel\Intel(R) Management Engine Components\IPT;C:\Program Files (x86)\GitExtensions\;C:\Program Files (x86)\Skype\Phone\;C:\Program Files (x86)\Calibre2\;C:\Program Files\Intel\WiFi\bin\;C:\Program Files\Common Files\Intel\WirelessCommon\;C:\Program Files (x86)\Metastorm BPM\Engine;C:\Program Files (x86)\Metastorm BPM\Common;C:\Program Files\nodejs\;C:\Program Files\Intel\WiFi\bin\;C:\Program Files\Common Files\Intel\WirelessCommon\;C:\Users\perlro1\AppData\Local\GitHubDesktop\bin;c:\apache-maven-3.5.2\bin\;C:\Program Files\Microsoft VS Code\bin; c:\Program Files\Java\jdk-9\bin;C:\Users\perlro1\AppData\Roaming\npm
USERNAME=perlro1
OS=Windows_NT
PROCESSOR_IDENTIFIER=Intel64 Family 6 Model 58 Stepping 9, GenuineIntel



---------------  S Y S T E M  ---------------

OS: Windows 7 , 64 bit Build 7601 (6.1.7601.24150)

CPU:total 4 (initial active 4) (2 cores per cpu, 2 threads per core) family 6 model 58 stepping 9, cmov, cx8, fxsr, mmx, sse, sse2, sse3, ssse3, sse4.1, sse4.2, popcnt, avx, aes, clmul, erms, ht, tsc, tscinvbit, tscinv

Memory: 4k page, physical 8289016k(1303912k free), swap 8287140k(5576k free)

vm_info: Java HotSpot(TM) 64-Bit Server VM (25.151-b12) for windows-amd64 JRE (1.8.0_151-b12), built on Sep  5 2017 19:33:46 by "java_re" with MS VC++ 10.0 (VS2010)

time: Tue Jul 03 11:00:39 2018
elapsed time: 0 seconds (0d 0h 0m 0s)

